Build started 2016-04-12 16:38:16.
     1>Project "C:\Users\Anton Svensson\Desktop\eduRend_handout\source\Template.vcxproj" on node 2 (Build target(s)).
     1>ClCompile:
         C:\Program Files (x86)\Microsoft Visual Studio 12.0\VC\bin\x86_amd64\CL.exe /c /Zi /nologo /W3 /WX- /Od /D WIN32 /D _DEBUG /D _WINDOWS /D _MBCS /Gm- /EHsc /RTC1 /MDd /GS /fp:precise /Zc:wchar_t /Zc:forScope /Fo"C:\Users\Anton Svensson\Desktop\eduRend_handout\source\../Obj/x64/Debug/" /Fd"C:\Users\Anton Svensson\Desktop\eduRend_handout\source\../Obj/x64/Debug/vc120.pdb" /Gd /TP /errorReport:prompt Geometry.cpp InputHandler.cpp mesh.cpp Main.cpp
         Geometry.cpp
         C:\Program Files (x86)\Windows Kits\8.1\Include\um\dinput.h: DIRECTINPUT_VERSION undefined. Defaulting to version 0x0800
     1>c:\users\anton svensson\desktop\edurend_handout\source\vec\math.h(48): warning C4244: 'return' : conversion from 'int' to 'float', possible loss of data
     1>c:\users\anton svensson\desktop\edurend_handout\source\file_rw.h(23): warning C4996: 'fopen': This function or variable may be unsafe. Consider using fopen_s instead. To disable deprecation, use _CRT_SECURE_NO_WARNINGS. See online help for details.
                 C:\Program Files (x86)\Microsoft Visual Studio 12.0\VC\include\stdio.h(211) : see declaration of 'fopen'
     1>c:\users\anton svensson\desktop\edurend_handout\source\file_rw.h(33): warning C4267: '=' : conversion from 'size_t' to 'long', possible loss of data
     1>c:\users\anton svensson\desktop\edurend_handout\source\file_rw.h(58): warning C4996: 'fopen': This function or variable may be unsafe. Consider using fopen_s instead. To disable deprecation, use _CRT_SECURE_NO_WARNINGS. See online help for details.
                 C:\Program Files (x86)\Microsoft Visual Studio 12.0\VC\include\stdio.h(211) : see declaration of 'fopen'
     1>Geometry.cpp(55): warning C4244: 'initializing' : conversion from 'float' to 'UINT', possible loss of data
     1>Geometry.cpp(60): warning C4267: '=' : conversion from 'size_t' to 'UINT', possible loss of data
     1>Geometry.cpp(68): warning C4244: 'initializing' : conversion from 'float' to 'UINT', possible loss of data
     1>Geometry.cpp(73): warning C4267: '=' : conversion from 'size_t' to 'UINT', possible loss of data
     1>Geometry.cpp(82): warning C4267: '=' : conversion from 'size_t' to 'unsigned int', possible loss of data
     1>Geometry.cpp(248): warning C4244: 'initializing' : conversion from 'float' to 'UINT', possible loss of data
     1>Geometry.cpp(253): warning C4267: '=' : conversion from 'size_t' to 'UINT', possible loss of data
     1>Geometry.cpp(261): warning C4244: 'initializing' : conversion from 'float' to 'UINT', possible loss of data
     1>Geometry.cpp(266): warning C4267: '=' : conversion from 'size_t' to 'UINT', possible loss of data
     1>Geometry.cpp(275): warning C4267: '=' : conversion from 'size_t' to 'unsigned int', possible loss of data
     1>Geometry.cpp(330): warning C4244: 'initializing' : conversion from 'float' to 'UINT', possible loss of data
     1>Geometry.cpp(335): warning C4267: '=' : conversion from 'size_t' to 'UINT', possible loss of data
     1>Geometry.cpp(343): warning C4244: 'initializing' : conversion from 'float' to 'UINT', possible loss of data
     1>Geometry.cpp(348): warning C4267: '=' : conversion from 'size_t' to 'UINT', possible loss of data
     1>Geometry.cpp(367): error C2653: 'DirectX' : is not a class or namespace name
     1>Geometry.cpp(367): error C3861: 'CreateWICTextureFromFile': identifier not found
     1>Geometry.cpp(400): warning C4267: 'argument' : conversion from 'size_t' to 'UINT', possible loss of data
         InputHandler.cpp
         C:\Program Files (x86)\Windows Kits\8.1\Include\um\dinput.h: DIRECTINPUT_VERSION undefined. Defaulting to version 0x0800
     1>InputHandler.cpp(181): warning C4244: 'return' : conversion from 'LONG' to 'float', possible loss of data
     1>InputHandler.cpp(185): warning C4244: 'return' : conversion from 'LONG' to 'float', possible loss of data
         mesh.cpp
         C:\Program Files (x86)\Windows Kits\8.1\Include\um\dinput.h: DIRECTINPUT_VERSION undefined. Defaulting to version 0x0800
     1>c:\users\anton svensson\desktop\edurend_handout\source\file_rw.h(23): warning C4996: 'fopen': This function or variable may be unsafe. Consider using fopen_s instead. To disable deprecation, use _CRT_SECURE_NO_WARNINGS. See online help for details.
                 C:\Program Files (x86)\Microsoft Visual Studio 12.0\VC\include\stdio.h(211) : see declaration of 'fopen'
     1>c:\users\anton svensson\desktop\edurend_handout\source\file_rw.h(33): warning C4267: '=' : conversion from 'size_t' to 'long', possible loss of data
     1>c:\users\anton svensson\desktop\edurend_handout\source\file_rw.h(58): warning C4996: 'fopen': This function or variable may be unsafe. Consider using fopen_s instead. To disable deprecation, use _CRT_SECURE_NO_WARNINGS. See online help for details.
                 C:\Program Files (x86)\Microsoft Visual Studio 12.0\VC\include\stdio.h(211) : see declaration of 'fopen'
     1>mesh.cpp(32): warning C4996: 'sscanf': This function or variable may be unsafe. Consider using sscanf_s instead. To disable deprecation, use _CRT_SECURE_NO_WARNINGS. See online help for details.
                 C:\Program Files (x86)\Microsoft Visual Studio 12.0\VC\include\stdio.h(304) : see declaration of 'sscanf'
     1>mesh.cpp(46): warning C4996: 'sscanf': This function or variable may be unsafe. Consider using sscanf_s instead. To disable deprecation, use _CRT_SECURE_NO_WARNINGS. See online help for details.
                 C:\Program Files (x86)\Microsoft Visual Studio 12.0\VC\include\stdio.h(304) : see declaration of 'sscanf'
     1>mesh.cpp(55): warning C4996: 'sscanf': This function or variable may be unsafe. Consider using sscanf_s instead. To disable deprecation, use _CRT_SECURE_NO_WARNINGS. See online help for details.
                 C:\Program Files (x86)\Microsoft Visual Studio 12.0\VC\include\stdio.h(304) : see declaration of 'sscanf'
     1>mesh.cpp(64): warning C4996: 'sscanf': This function or variable may be unsafe. Consider using sscanf_s instead. To disable deprecation, use _CRT_SECURE_NO_WARNINGS. See online help for details.
                 C:\Program Files (x86)\Microsoft Visual Studio 12.0\VC\include\stdio.h(304) : see declaration of 'sscanf'
     1>mesh.cpp(73): warning C4996: 'sscanf': This function or variable may be unsafe. Consider using sscanf_s instead. To disable deprecation, use _CRT_SECURE_NO_WARNINGS. See online help for details.
                 C:\Program Files (x86)\Microsoft Visual Studio 12.0\VC\include\stdio.h(304) : see declaration of 'sscanf'
     1>mesh.cpp(77): warning C4996: 'sscanf': This function or variable may be unsafe. Consider using sscanf_s instead. To disable deprecation, use _CRT_SECURE_NO_WARNINGS. See online help for details.
                 C:\Program Files (x86)\Microsoft Visual Studio 12.0\VC\include\stdio.h(304) : see declaration of 'sscanf'
     1>mesh.cpp(81): warning C4996: 'sscanf': This function or variable may be unsafe. Consider using sscanf_s instead. To disable deprecation, use _CRT_SECURE_NO_WARNINGS. See online help for details.
                 C:\Program Files (x86)\Microsoft Visual Studio 12.0\VC\include\stdio.h(304) : see declaration of 'sscanf'
     1>mesh.cpp(29): warning C4101: 'str1' : unreferenced local variable
     1>mesh.cpp(119): warning C4996: 'sscanf': This function or variable may be unsafe. Consider using sscanf_s instead. To disable deprecation, use _CRT_SECURE_NO_WARNINGS. See online help for details.
                 C:\Program Files (x86)\Microsoft Visual Studio 12.0\VC\include\stdio.h(304) : see declaration of 'sscanf'
     1>mesh.cpp(125): warning C4996: 'sscanf': This function or variable may be unsafe. Consider using sscanf_s instead. To disable deprecation, use _CRT_SECURE_NO_WARNINGS. See online help for details.
                 C:\Program Files (x86)\Microsoft Visual Studio 12.0\VC\include\stdio.h(304) : see declaration of 'sscanf'
     1>mesh.cpp(134): warning C4996: 'sscanf': This function or variable may be unsafe. Consider using sscanf_s instead. To disable deprecation, use _CRT_SECURE_NO_WARNINGS. See online help for details.
                 C:\Program Files (x86)\Microsoft Visual Studio 12.0\VC\include\stdio.h(304) : see declaration of 'sscanf'
     1>mesh.cpp(140): warning C4996: 'sscanf': This function or variable may be unsafe. Consider using sscanf_s instead. To disable deprecation, use _CRT_SECURE_NO_WARNINGS. See online help for details.
                 C:\Program Files (x86)\Microsoft Visual Studio 12.0\VC\include\stdio.h(304) : see declaration of 'sscanf'
     1>mesh.cpp(144): warning C4267: '=' : conversion from 'size_t' to 'int', possible loss of data
     1>mesh.cpp(152): warning C4996: 'sscanf': This function or variable may be unsafe. Consider using sscanf_s instead. To disable deprecation, use _CRT_SECURE_NO_WARNINGS. See online help for details.
                 C:\Program Files (x86)\Microsoft Visual Studio 12.0\VC\include\stdio.h(304) : see declaration of 'sscanf'
     1>mesh.cpp(158): warning C4996: 'sscanf': This function or variable may be unsafe. Consider using sscanf_s instead. To disable deprecation, use _CRT_SECURE_NO_WARNINGS. See online help for details.
                 C:\Program Files (x86)\Microsoft Visual Studio 12.0\VC\include\stdio.h(304) : see declaration of 'sscanf'
     1>mesh.cpp(164): warning C4996: 'sscanf': This function or variable may be unsafe. Consider using sscanf_s instead. To disable deprecation, use _CRT_SECURE_NO_WARNINGS. See online help for details.
                 C:\Program Files (x86)\Microsoft Visual Studio 12.0\VC\include\stdio.h(304) : see declaration of 'sscanf'
     1>mesh.cpp(170): warning C4996: 'sscanf': This function or variable may be unsafe. Consider using sscanf_s instead. To disable deprecation, use _CRT_SECURE_NO_WARNINGS. See online help for details.
                 C:\Program Files (x86)\Microsoft Visual Studio 12.0\VC\include\stdio.h(304) : see declaration of 'sscanf'
     1>mesh.cpp(176): warning C4996: 'sscanf': This function or variable may be unsafe. Consider using sscanf_s instead. To disable deprecation, use _CRT_SECURE_NO_WARNINGS. See online help for details.
                 C:\Program Files (x86)\Microsoft Visual Studio 12.0\VC\include\stdio.h(304) : see declaration of 'sscanf'
     1>mesh.cpp(186): warning C4996: 'sscanf': This function or variable may be unsafe. Consider using sscanf_s instead. To disable deprecation, use _CRT_SECURE_NO_WARNINGS. See online help for details.
                 C:\Program Files (x86)\Microsoft Visual Studio 12.0\VC\include\stdio.h(304) : see declaration of 'sscanf'
     1>mesh.cpp(192): warning C4996: 'sscanf': This function or variable may be unsafe. Consider using sscanf_s instead. To disable deprecation, use _CRT_SECURE_NO_WARNINGS. See online help for details.
                 C:\Program Files (x86)\Microsoft Visual Studio 12.0\VC\include\stdio.h(304) : see declaration of 'sscanf'
     1>mesh.cpp(202): warning C4996: 'sscanf': This function or variable may be unsafe. Consider using sscanf_s instead. To disable deprecation, use _CRT_SECURE_NO_WARNINGS. See online help for details.
                 C:\Program Files (x86)\Microsoft Visual Studio 12.0\VC\include\stdio.h(304) : see declaration of 'sscanf'
     1>mesh.cpp(208): warning C4996: 'sscanf': This function or variable may be unsafe. Consider using sscanf_s instead. To disable deprecation, use _CRT_SECURE_NO_WARNINGS. See online help for details.
                 C:\Program Files (x86)\Microsoft Visual Studio 12.0\VC\include\stdio.h(304) : see declaration of 'sscanf'
     1>mesh.cpp(218): warning C4996: 'sscanf': This function or variable may be unsafe. Consider using sscanf_s instead. To disable deprecation, use _CRT_SECURE_NO_WARNINGS. See online help for details.
                 C:\Program Files (x86)\Microsoft Visual Studio 12.0\VC\include\stdio.h(304) : see declaration of 'sscanf'
     1>mesh.cpp(224): warning C4996: 'sscanf': This function or variable may be unsafe. Consider using sscanf_s instead. To disable deprecation, use _CRT_SECURE_NO_WARNINGS. See online help for details.
                 C:\Program Files (x86)\Microsoft Visual Studio 12.0\VC\include\stdio.h(304) : see declaration of 'sscanf'
     1>mesh.cpp(234): warning C4996: 'sscanf': This function or variable may be unsafe. Consider using sscanf_s instead. To disable deprecation, use _CRT_SECURE_NO_WARNINGS. See online help for details.
                 C:\Program Files (x86)\Microsoft Visual Studio 12.0\VC\include\stdio.h(304) : see declaration of 'sscanf'
     1>mesh.cpp(251): warning C4800: 'unsigned __int64' : forcing value to bool 'true' or 'false' (performance warning)
     1>mesh.cpp(252): warning C4800: 'unsigned __int64' : forcing value to bool 'true' or 'false' (performance warning)
     1>mesh.cpp(407): warning C4267: '+=' : conversion from 'size_t' to 'int', possible loss of data
     1>mesh.cpp(408): warning C4267: '+=' : conversion from 'size_t' to 'int', possible loss of data
     1>c:\users\anton svensson\desktop\edurend_handout\source\vec/vec.h(479): warning C4244: 'argument' : conversion from 'double' to 'const float', possible loss of data
                 c:\users\anton svensson\desktop\edurend_handout\source\mesh.h(58) : see reference to function template instantiation 'linalg::vec3<float> linalg::normalize<float>(const linalg::vec3<float> &)' being compiled
         Main.cpp
         C:\Program Files (x86)\Windows Kits\8.1\Include\um\dinput.h: DIRECTINPUT_VERSION undefined. Defaulting to version 0x0800
     1>c:\users\anton svensson\desktop\edurend_handout\source\vec\math.h(48): warning C4244: 'return' : conversion from 'int' to 'float', possible loss of data
     1>c:\users\anton svensson\desktop\edurend_handout\source\Camera.h(61): warning C4244: 'argument' : conversion from 'int' to 'const float', possible loss of data
     1>c:\users\anton svensson\desktop\edurend_handout\source\Camera.h(65): warning C4244: 'argument' : conversion from 'int' to 'const float', possible loss of data
     1>c:\users\anton svensson\desktop\edurend_handout\source\file_rw.h(23): warning C4996: 'fopen': This function or variable may be unsafe. Consider using fopen_s instead. To disable deprecation, use _CRT_SECURE_NO_WARNINGS. See online help for details.
                 C:\Program Files (x86)\Microsoft Visual Studio 12.0\VC\include\stdio.h(211) : see declaration of 'fopen'
     1>c:\users\anton svensson\desktop\edurend_handout\source\file_rw.h(33): warning C4267: '=' : conversion from 'size_t' to 'long', possible loss of data
     1>c:\users\anton svensson\desktop\edurend_handout\source\file_rw.h(58): warning C4996: 'fopen': This function or variable may be unsafe. Consider using fopen_s instead. To disable deprecation, use _CRT_SECURE_NO_WARNINGS. See online help for details.
                 C:\Program Files (x86)\Microsoft Visual Studio 12.0\VC\include\stdio.h(211) : see declaration of 'fopen'
     1>Main.cpp(218): warning C4996: 'freopen': This function or variable may be unsafe. Consider using freopen_s instead. To disable deprecation, use _CRT_SECURE_NO_WARNINGS. See online help for details.
                 C:\Program Files (x86)\Microsoft Visual Studio 12.0\VC\include\stdio.h(226) : see declaration of 'freopen'
     1>Main.cpp(219): warning C4996: 'freopen': This function or variable may be unsafe. Consider using freopen_s instead. To disable deprecation, use _CRT_SECURE_NO_WARNINGS. See online help for details.
                 C:\Program Files (x86)\Microsoft Visual Studio 12.0\VC\include\stdio.h(226) : see declaration of 'freopen'
     1>Main.cpp(220): warning C4996: 'freopen': This function or variable may be unsafe. Consider using freopen_s instead. To disable deprecation, use _CRT_SECURE_NO_WARNINGS. See online help for details.
                 C:\Program Files (x86)\Microsoft Visual Studio 12.0\VC\include\stdio.h(226) : see declaration of 'freopen'
     1>c:\users\anton svensson\desktop\edurend_handout\source\vec\mat.h(363): warning C4244: 'initializing' : conversion from 'double' to 'float', possible loss of data
                 c:\users\anton svensson\desktop\edurend_handout\source\vec\mat.h(360) : while compiling class template member function 'linalg::mat4<float> linalg::mat4<float>::inverse(void) const'
                 c:\users\anton svensson\desktop\edurend_handout\source\Camera.h(90) : see reference to function template instantiation 'linalg::mat4<float> linalg::mat4<float>::inverse(void) const' being compiled
                 c:\users\anton svensson\desktop\edurend_handout\source\vec\mat.h(660) : see reference to class template instantiation 'linalg::mat4<float>' being compiled
     1>c:\users\anton svensson\desktop\edurend_handout\source\vec\mat.h(526): warning C4244: 'initializing' : conversion from 'double' to 'float', possible loss of data
                 c:\users\anton svensson\desktop\edurend_handout\source\vec\mat.h(523) : while compiling class template member function 'linalg::mat4<float> linalg::mat4<float>::rotation(const T &,const T &,const T &,const T &)'
                 with
                 [
                     T=float
                 ]
                 Main.cpp(148) : see reference to function template instantiation 'linalg::mat4<float> linalg::mat4<float>::rotation(const T &,const T &,const T &,const T &)' being compiled
                 with
                 [
                     T=float
                 ]
     1>c:\users\anton svensson\desktop\edurend_handout\source\vec\vec.h(479): warning C4244: 'argument' : conversion from 'double' to 'const float', possible loss of data
                 c:\users\anton svensson\desktop\edurend_handout\source\mesh.h(58) : see reference to function template instantiation 'linalg::vec3<float> linalg::normalize<float>(const linalg::vec3<float> &)' being compiled
         Generating Code...
     1>Done Building Project "C:\Users\Anton Svensson\Desktop\eduRend_handout\source\Template.vcxproj" (Build target(s)) -- FAILED.

Build FAILED.

Time Elapsed 00:00:04.25
