c:\users\spellabbet\desktop\edurend_handout\obj\x86\debug\vc120.pdb
c:\users\spellabbet\desktop\edurend_handout\obj\x86\debug\vc120.idb
c:\users\spellabbet\desktop\edurend_handout\obj\x86\debug\geometry.obj
c:\users\spellabbet\desktop\edurend_handout\obj\x86\debug\inputhandler.obj
c:\users\spellabbet\desktop\edurend_handout\obj\x86\debug\mesh.obj
c:\users\spellabbet\desktop\edurend_handout\obj\x86\debug\main.obj
c:\users\spellabbet\desktop\edurend_handout\obj\x86\debug\mat.obj
c:\users\spellabbet\desktop\edurend_handout\obj\x86\debug\vec.obj
c:\users\spellabbet\desktop\edurend_handout\bin\x86\edurendd.ilk
c:\users\spellabbet\desktop\edurend_handout\bin\x86\edurendd.exe
c:\users\spellabbet\desktop\edurend_handout\bin\x86\edurendd.pdb
c:\users\spellabbet\desktop\edurend_handout\source\../bin/x86/edurendd.pdb
c:\users\spellabbet\desktop\edurend_handout\source\../bin/x86/edurendd.exe
c:\users\spellabbet\desktop\edurend_handout\source\../bin/x86/edurendd.ilk
c:\users\spellabbet\desktop\edurend_handout\obj\x86\debug\edurend.tlog\cl.command.1.tlog
c:\users\spellabbet\desktop\edurend_handout\obj\x86\debug\edurend.tlog\cl.read.1.tlog
c:\users\spellabbet\desktop\edurend_handout\obj\x86\debug\edurend.tlog\cl.write.1.tlog
c:\users\spellabbet\desktop\edurend_handout\obj\x86\debug\edurend.tlog\link.command.1.tlog
c:\users\spellabbet\desktop\edurend_handout\obj\x86\debug\edurend.tlog\link.read.1.tlog
c:\users\spellabbet\desktop\edurend_handout\obj\x86\debug\edurend.tlog\link.write.1.tlog
